<?xml version="1.0" encoding="UTF-8"?>
<!-- Generated by org.testng.reporters.JUnitXMLReporter -->
<testsuite ignored="2" hostname="DESKTOP-EH54C0J" failures="0" tests="3" name="Test" time="65.364" errors="0" timestamp="07 Oct 2024 16:13:10 GMT">
  <testcase classname="org.homeWork1.HomeWorkTestNG" name="brokenLinks" time="30.205"/>
  <testcase classname="org.homeWork1.HomeWorkTestNG" name="login" time="0.331"/>
  <testcase classname="org.homeWork1.HomeWorkTestNG" name="screens" time="30.98"/>
  <testcase classname="org.homeWork1.HomeWorkTestNG" name="sanityZero" time="0.0">
    <ignored/>
  </testcase> <!-- sanityZero -->
  <testcase classname="org.homeWork1.HomeWorkTestNG" name="sanityTest" time="0.0">
    <ignored/>
  </testcase> <!-- sanityTest -->
</testsuite> <!-- Test -->
